INFO 2025-08-14 14:41:01,152 logger 28776 25712 Checking count existence for record_id: 661 with divide_time: 0.1
INFO 2025-08-14 14:41:01,152 logger 28776 25712 Checking count existence for record_id: 661 with divide_time: 0.1
INFO 2025-08-14 14:41:02,454 logger 28776 17268 Checking count existence for record_id: 661 with divide_time: 0.0
INFO 2025-08-14 14:41:02,454 logger 28776 17268 Checking count existence for record_id: 661 with divide_time: 0.0
INFO 2025-08-14 14:41:02,623 logger 28776 5284 Checking count existence for record_id: 661 with divide_time: 0.0
INFO 2025-08-14 14:41:02,623 logger 28776 5284 Checking count existence for record_id: 661 with divide_time: 0.0
INFO 2025-08-14 14:41:02,784 logger 28776 16220 Checking count existence for record_id: 661 with divide_time: 0.05
INFO 2025-08-14 14:41:02,784 logger 28776 16220 Checking count existence for record_id: 661 with divide_time: 0.05
INFO 2025-08-14 14:41:04,401 logger 28776 24312 Starting car detection for record ID: 661 with divide_time: 0.05
INFO 2025-08-14 14:41:04,401 logger 28776 24312 Starting car detection for record ID: 661 with divide_time: 0.05
INFO 2025-08-14 14:41:04,407 logger 28776 24312 Loading YOLO model...
INFO 2025-08-14 14:41:04,407 logger 28776 24312 Loading YOLO model...
INFO 2025-08-14 14:41:07,585 logger 28776 24312 Starting detection thread...
INFO 2025-08-14 14:41:07,585 logger 28776 24312 Starting detection thread...
INFO 2025-08-14 14:41:07,587 logger 28776 18632 [CarDetection.run] Starting run for record_id=661, divide_time=0.05, video_path=C:\MyApps\CameraVision\backend\media\661.mp4
INFO 2025-08-14 14:41:07,587 logger 28776 24312 Car detection thread started successfully
INFO 2025-08-14 14:41:07,587 logger 28776 18632 [CarDetection.run] Starting run for record_id=661, divide_time=0.05, video_path=C:\MyApps\CameraVision\backend\media\661.mp4
INFO 2025-08-14 14:41:07,587 logger 28776 24312 Car detection thread started successfully
DEBUG 2025-08-14 14:41:07,590 logger 28776 18632 [CarDetection.run] Output path for results: C:\MyApps\CameraVision\backend\media\f12fe8145c93ecb1153c236b4b99751b.csv
DEBUG 2025-08-14 14:41:07,590 logger 28776 18632 [CarDetection.run] Output path for results: C:\MyApps\CameraVision\backend\media\f12fe8145c93ecb1153c236b4b99751b.csv
INFO 2025-08-14 14:43:28,576 logger 9716 28660 Checking count existence for record_id: 661 with divide_time: 0.1
INFO 2025-08-14 14:43:28,576 logger 9716 28660 Checking count existence for record_id: 661 with divide_time: 0.1
INFO 2025-08-14 14:43:29,624 logger 9716 12908 Checking count existence for record_id: 661 with divide_time: 0.0
INFO 2025-08-14 14:43:29,624 logger 9716 12908 Checking count existence for record_id: 661 with divide_time: 0.0
INFO 2025-08-14 14:43:29,824 logger 9716 5900 Checking count existence for record_id: 661 with divide_time: 0.0
INFO 2025-08-14 14:43:29,824 logger 9716 5900 Checking count existence for record_id: 661 with divide_time: 0.0
INFO 2025-08-14 14:43:29,979 logger 9716 14720 Checking count existence for record_id: 661 with divide_time: 0.05
INFO 2025-08-14 14:43:29,979 logger 9716 14720 Checking count existence for record_id: 661 with divide_time: 0.05
INFO 2025-08-14 14:43:30,942 logger 9716 3092 Starting car detection for record ID: 661 with divide_time: 0.05
INFO 2025-08-14 14:43:30,942 logger 9716 3092 Starting car detection for record ID: 661 with divide_time: 0.05
INFO 2025-08-14 14:43:30,946 logger 9716 3092 Loading YOLO model...
INFO 2025-08-14 14:43:30,946 logger 9716 3092 Loading YOLO model...
INFO 2025-08-14 14:43:34,425 logger 9716 3092 Starting detection thread...
INFO 2025-08-14 14:43:34,425 logger 9716 3092 Starting detection thread...
INFO 2025-08-14 14:43:34,426 logger 9716 14460 [CarDetection.run] Starting run for record_id=661, divide_time=0.05, video_path=C:\MyApps\CameraVision\backend\media\661.mp4
INFO 2025-08-14 14:43:34,426 logger 9716 14460 [CarDetection.run] Starting run for record_id=661, divide_time=0.05, video_path=C:\MyApps\CameraVision\backend\media\661.mp4
INFO 2025-08-14 14:43:34,426 logger 9716 3092 Car detection thread started successfully
DEBUG 2025-08-14 14:43:34,428 logger 9716 14460 [CarDetection.run] Output path for results: C:\MyApps\CameraVision\backend\media\f12fe8145c93ecb1153c236b4b99751b.csv
INFO 2025-08-14 14:43:34,426 logger 9716 3092 Car detection thread started successfully
DEBUG 2025-08-14 14:43:34,428 logger 9716 14460 [CarDetection.run] Output path for results: C:\MyApps\CameraVision\backend\media\f12fe8145c93ecb1153c236b4b99751b.csv
INFO 2025-08-14 17:07:48,686 logger 31556 28960 Checking count existence for record_id: 661 with divide_time: 0.1
INFO 2025-08-14 17:07:48,686 logger 31556 28960 Checking count existence for record_id: 661 with divide_time: 0.1
INFO 2025-08-14 17:07:50,457 logger 31556 31244 Checking count existence for record_id: 661 with divide_time: 0.0
INFO 2025-08-14 17:07:50,457 logger 31556 31244 Checking count existence for record_id: 661 with divide_time: 0.0
INFO 2025-08-14 17:07:50,678 logger 31556 21668 Checking count existence for record_id: 661 with divide_time: 0.0
INFO 2025-08-14 17:07:50,678 logger 31556 21668 Checking count existence for record_id: 661 with divide_time: 0.0
INFO 2025-08-14 17:07:51,029 logger 31556 4376 Checking count existence for record_id: 661 with divide_time: 0.05
INFO 2025-08-14 17:07:51,029 logger 31556 4376 Checking count existence for record_id: 661 with divide_time: 0.05
INFO 2025-08-14 17:07:52,740 logger 31556 24108 Starting car detection for record ID: 661 with divide_time: 0.05
INFO 2025-08-14 17:07:52,740 logger 31556 24108 Starting car detection for record ID: 661 with divide_time: 0.05
INFO 2025-08-14 17:07:52,747 logger 31556 24108 Loading YOLO model...
INFO 2025-08-14 17:07:52,747 logger 31556 24108 Loading YOLO model...
INFO 2025-08-14 17:07:56,552 logger 31556 24108 Starting detection thread...
INFO 2025-08-14 17:07:56,552 logger 31556 24108 Starting detection thread...
INFO 2025-08-14 17:07:56,558 logger 31556 27724 [CarDetection.run] Starting run for record_id=661, divide_time=0.05, video_path=C:\MyApps\CameraVision\backend\media\661.mp4
INFO 2025-08-14 17:07:56,558 logger 31556 24108 Car detection thread started successfully
INFO 2025-08-14 17:07:56,558 logger 31556 27724 [CarDetection.run] Starting run for record_id=661, divide_time=0.05, video_path=C:\MyApps\CameraVision\backend\media\661.mp4
INFO 2025-08-14 17:07:56,558 logger 31556 24108 Car detection thread started successfully
INFO 2025-08-14 17:07:56,560 logger 31556 27724 [CarDetection.run] Video opened. fps=28.478, frames=25647, duration=900.60s, size=(1280x720)
INFO 2025-08-14 17:07:56,560 logger 31556 27724 [CarDetection.run] Video opened. fps=28.478, frames=25647, duration=900.60s, size=(1280x720)
DEBUG 2025-08-14 17:07:56,561 logger 31556 27724 [CarDetection.run] Output path for results: C:\MyApps\CameraVision\backend\media\f12fe8145c93ecb1153c236b4b99751b.csv
DEBUG 2025-08-14 17:07:56,561 logger 31556 27724 [CarDetection.run] Output path for results: C:\MyApps\CameraVision\backend\media\f12fe8145c93ecb1153c236b4b99751b.csv
DEBUG 2025-08-14 17:07:56,565 logger 31556 27724 [CarDetection.run] Acquired lock: C:\MyApps\CameraVision\backend\media\f12fe8145c93ecb1153c236b4b99751b.csv.lock
DEBUG 2025-08-14 17:07:56,565 logger 31556 27724 [CarDetection.run] Acquired lock: C:\MyApps\CameraVision\backend\media\f12fe8145c93ecb1153c236b4b99751b.csv.lock
INFO 2025-08-14 17:07:56,567 logger 31556 27724 [CarDetection.run] Existing results? exists=False, size=0 bytes
INFO 2025-08-14 17:07:56,567 logger 31556 27724 [CarDetection.run] Existing results? exists=False, size=0 bytes
DEBUG 2025-08-14 17:07:56,568 logger 31556 27724 [CarDetection.run] Removed lock: C:\MyApps\CameraVision\backend\media\f12fe8145c93ecb1153c236b4b99751b.csv.lock
DEBUG 2025-08-14 17:07:56,568 logger 31556 27724 [CarDetection.run] Removed lock: C:\MyApps\CameraVision\backend\media\f12fe8145c93ecb1153c236b4b99751b.csv.lock
